{"logTime": "0916/173801", "correlationVector":"E9W8Wa+yDc10uAxq/yru9d.57","action":"GetUpdates", "result":"DeleteReceived", "context":{"id":"97975da2-bf5e-4088-8d98-687d46cfca57", "isDeleted:":"true", "version":"1693714921530"}}
{"logTime": "0916/173801", "correlationVector":"E9W8Wa+yDc10uAxq/yru9d.58","action":"GetUpdates", "result":"DeleteReceived", "context":{"id":"f6a82dd3-ee06-4f44-8ed2-87e8dd48eef9", "isDeleted:":"true", "version":"1693715038221"}}
{"logTime": "0916/173801", "correlationVector":"E9W8Wa+yDc10uAxq/yru9d.59","action":"GetUpdates", "result":"DeleteReceived", "context":{"id":"58f2e1b3-34e0-4ee5-ba9f-9e11e2bd8d97", "isDeleted:":"true", "version":"1693715038222"}}
{"logTime": "0916/173801", "correlationVector":"E9W8Wa+yDc10uAxq/yru9d.60","action":"GetUpdates", "result":"DeleteReceived", "context":{"id":"8d2a39a1-b233-4fe0-ba00-a5b7dd4ba0c2", "isDeleted:":"true", "version":"1693715038223"}}
{"logTime": "0916/173801", "correlationVector":"E9W8Wa+yDc10uAxq/yru9d.61","action":"GetUpdates", "result":"DeleteReceived", "context":{"id":"5e2ce074-c90e-4e22-857c-0fd1e5a82449", "isDeleted:":"true", "version":"1693715341859"}}
{"logTime": "0916/173801", "correlationVector":"E9W8Wa+yDc10uAxq/yru9d.62","action":"GetUpdates", "result":"DeleteReceived", "context":{"id":"7ab8943b-ac81-4694-9ec5-3bd62d26dc01", "isDeleted:":"true", "version":"1693717521428"}}
{"logTime": "0916/173801", "correlationVector":"E9W8Wa+yDc10uAxq/yru9d.63","action":"GetUpdates", "result":"DeleteReceived", "context":{"id":"498a98e2-438c-4eb4-9f36-4eb3073f007d", "isDeleted:":"true", "version":"1693718330878"}}
{"logTime": "0916/173801", "correlationVector":"E9W8Wa+yDc10uAxq/yru9d.64","action":"GetUpdates", "result":"DeleteReceived", "context":{"id":"c685cc98-3b57-4a0c-9459-cba619b7b72a", "isDeleted:":"true", "version":"1693718534352"}}
{"logTime": "0916/173801", "correlationVector":"E9W8Wa+yDc10uAxq/yru9d.65","action":"GetUpdates", "result":"DeleteReceived", "context":{"id":"9c1958ec-190e-4cd7-94d1-9c517e79e95a", "isDeleted:":"true", "version":"1693719126293"}}
{"logTime": "0916/173801", "correlationVector":"E9W8Wa+yDc10uAxq/yru9d.66","action":"GetUpdates", "result":"DeleteReceived", "context":{"id":"14b2b2cc-a5ec-4108-9a2f-b3fffae07567", "isDeleted:":"true", "version":"1693722839431"}}
{"logTime": "0916/173801", "correlationVector":"E9W8Wa+yDc10uAxq/yru9d.67","action":"GetUpdates", "result":"DeleteReceived", "context":{"id":"8bf9d374-a23c-4566-8beb-c47948b69103", "isDeleted:":"true", "version":"1693722870652"}}
{"logTime": "0916/173801", "correlationVector":"E9W8Wa+yDc10uAxq/yru9d.68","action":"GetUpdates", "result":"DeleteReceived", "context":{"id":"2c13bb31-0447-4f79-8ffa-ae484325806e", "isDeleted:":"true", "version":"1693722935216"}}
{"logTime": "0916/173801", "correlationVector":"E9W8Wa+yDc10uAxq/yru9d.69","action":"GetUpdates", "result":"DeleteReceived", "context":{"id":"67e19559-246d-4b01-973d-88d44dabce13", "isDeleted:":"true", "version":"1693723546384"}}
{"logTime": "0916/173801", "correlationVector":"E9W8Wa+yDc10uAxq/yru9d.70","action":"GetUpdates", "result":"DeleteReceived", "context":{"id":"63358ff6-9ed1-4564-a134-3a2095a72a60", "isDeleted:":"true", "version":"1693723615921"}}
{"logTime": "0916/173801", "correlationVector":"E9W8Wa+yDc10uAxq/yru9d.71","action":"GetUpdates", "result":"DeleteReceived", "context":{"id":"32e7fe82-d6bf-4166-aa60-145687d80495", "isDeleted:":"true", "version":"1693723615923"}}
{"logTime": "0916/173801", "correlationVector":"E9W8Wa+yDc10uAxq/yru9d.72","action":"GetUpdates", "result":"DeleteReceived", "context":{"id":"d5f2d604-425c-4af6-b807-536ef4bb4fa8", "isDeleted:":"true", "version":"1693723933041"}}
{"logTime": "0916/173801", "correlationVector":"E9W8Wa+yDc10uAxq/yru9d.73","action":"GetUpdates", "result":"DeleteReceived", "context":{"id":"cad09c03-9c33-476e-814c-9a68460da48c", "isDeleted:":"true", "version":"1693723997066"}}
{"logTime": "0916/173801", "correlationVector":"E9W8Wa+yDc10uAxq/yru9d.74","action":"GetUpdates", "result":"DeleteReceived", "context":{"id":"fd9713e7-5293-417d-848d-04c15ed58edc", "isDeleted:":"true", "version":"1693724043788"}}
{"logTime": "0916/173801", "correlationVector":"E9W8Wa+yDc10uAxq/yru9d.75","action":"GetUpdates", "result":"DeleteReceived", "context":{"id":"9f50f840-a2bd-4969-b676-97eae819128c", "isDeleted:":"true", "version":"1693726079392"}}
{"logTime": "0916/173801", "correlationVector":"E9W8Wa+yDc10uAxq/yru9d.76","action":"GetUpdates", "result":"DeleteReceived", "context":{"id":"29fb4dbe-2006-4371-89c6-4b5b701bebe7", "isDeleted:":"true", "version":"1693726079393"}}
{"logTime": "0916/173801", "correlationVector":"E9W8Wa+yDc10uAxq/yru9d.77","action":"GetUpdates", "result":"DeleteReceived", "context":{"id":"743f61ed-6904-4cd7-9325-310f334cf1ec", "isDeleted:":"true", "version":"1693726079394"}}
{"logTime": "0916/173801", "correlationVector":"E9W8Wa+yDc10uAxq/yru9d.78","action":"GetUpdates", "result":"DeleteReceived", "context":{"id":"882069f3-fa6e-4954-808f-f16279f59aaa", "isDeleted:":"true", "version":"1693726079395"}}
{"logTime": "0916/173801", "correlationVector":"E9W8Wa+yDc10uAxq/yru9d.79","action":"GetUpdates", "result":"DeleteReceived", "context":{"id":"8f40ff52-f070-4a8e-9b44-523b66564927", "isDeleted:":"true", "version":"1693726079396"}}
{"logTime": "0916/173801", "correlationVector":"E9W8Wa+yDc10uAxq/yru9d.80","action":"GetUpdates", "result":"DeleteReceived", "context":{"id":"910607a6-e426-42c1-8dc4-603ea4c0acf9", "isDeleted:":"true", "version":"1693726079397"}}
{"logTime": "0916/173801", "correlationVector":"E9W8Wa+yDc10uAxq/yru9d.81","action":"GetUpdates", "result":"DeleteReceived", "context":{"id":"ba97983a-afe2-4a31-92dd-260f1bbfd3bd", "isDeleted:":"true", "version":"1693726079399"}}
{"logTime": "0916/173801", "correlationVector":"E9W8Wa+yDc10uAxq/yru9d.82","action":"GetUpdates", "result":"DeleteReceived", "context":{"id":"c71c4979-cffc-436b-9877-99449c6f0a71", "isDeleted:":"true", "version":"1693726141128"}}
{"logTime": "0916/173801", "correlationVector":"E9W8Wa+yDc10uAxq/yru9d.83","action":"GetUpdates", "result":"DeleteReceived", "context":{"id":"e37d9166-be6b-4c45-b6d3-206d608275ff", "isDeleted:":"true", "version":"1693726361462"}}
{"logTime": "0916/173801", "correlationVector":"E9W8Wa+yDc10uAxq/yru9d.84","action":"GetUpdates", "result":"DeleteReceived", "context":{"id":"66287a94-4e79-4774-9b6f-b850e2601d97", "isDeleted:":"true", "version":"1693726743416"}}
{"logTime": "0916/173801", "correlationVector":"E9W8Wa+yDc10uAxq/yru9d.85","action":"GetUpdates", "result":"DeleteReceived", "context":{"id":"23e9a801-adb4-4147-b444-c778c8e5152d", "isDeleted:":"true", "version":"1693726935528"}}
{"logTime": "0916/173801", "correlationVector":"E9W8Wa+yDc10uAxq/yru9d.86","action":"GetUpdates", "result":"DeleteReceived", "context":{"id":"67d5957d-0bf4-400a-a3fc-44df48aa291c", "isDeleted:":"true", "version":"1693727765847"}}
{"logTime": "0916/173801", "correlationVector":"E9W8Wa+yDc10uAxq/yru9d.87","action":"GetUpdates", "result":"DeleteReceived", "context":{"id":"ac266524-a1ed-4081-8bcb-fec1a33e1eff", "isDeleted:":"true", "version":"1693730104021"}}
{"logTime": "0916/173801", "correlationVector":"E9W8Wa+yDc10uAxq/yru9d.88","action":"GetUpdates", "result":"DeleteReceived", "context":{"id":"c5cf256a-af3f-4d09-9018-6dec36ce801b", "isDeleted:":"true", "version":"1693730572699"}}
{"logTime": "0916/173801", "correlationVector":"E9W8Wa+yDc10uAxq/yru9d.89","action":"GetUpdates", "result":"DeleteReceived", "context":{"id":"c5d52906-f908-4133-9153-ddbf13fd2bac", "isDeleted:":"true", "version":"1693731119703"}}
{"logTime": "0916/173801", "correlationVector":"E9W8Wa+yDc10uAxq/yru9d.90","action":"GetUpdates", "result":"DeleteReceived", "context":{"id":"f389a329-fa8f-4c49-b972-6580c1a8dc6a", "isDeleted:":"true", "version":"1693731152180"}}
{"logTime": "0916/173801", "correlationVector":"E9W8Wa+yDc10uAxq/yru9d.91","action":"GetUpdates", "result":"DeleteReceived", "context":{"id":"d3692468-2bc0-49f7-bea9-b690fe2a49b6", "isDeleted:":"true", "version":"1693731219222"}}
{"logTime": "0916/173801", "correlationVector":"E9W8Wa+yDc10uAxq/yru9d.92","action":"GetUpdates", "result":"DeleteReceived", "context":{"id":"d1285db2-9465-4bb0-9d2f-a9cd46f3f5c9", "isDeleted:":"true", "version":"1693732030704"}}
{"logTime": "0916/173801", "correlationVector":"E9W8Wa+yDc10uAxq/yru9d.93","action":"GetUpdates", "result":"DeleteReceived", "context":{"id":"a7479086-c0ef-43e6-94ed-9c5eca4da423", "isDeleted:":"true", "version":"1693759788078"}}
{"logTime": "0916/173801", "correlationVector":"E9W8Wa+yDc10uAxq/yru9d.94","action":"GetUpdates", "result":"DeleteReceived", "context":{"id":"79e1b805-c2ec-4787-8cc1-38369fdbfb9d", "isDeleted:":"true", "version":"1693759788079"}}
{"logTime": "0916/173801", "correlationVector":"E9W8Wa+yDc10uAxq/yru9d.95","action":"GetUpdates", "result":"DeleteReceived", "context":{"id":"d202a8a2-6385-4909-a3bd-37481c2cd87f", "isDeleted:":"true", "version":"1693759788080"}}
{"logTime": "0916/173801", "correlationVector":"E9W8Wa+yDc10uAxq/yru9d.96","action":"GetUpdates", "result":"DeleteReceived", "context":{"id":"28f1c42a-123f-4e6a-bc90-41763c2ad6b8", "isDeleted:":"true", "version":"1693759788081"}}
{"logTime": "0916/173801", "correlationVector":"E9W8Wa+yDc10uAxq/yru9d.97","action":"GetUpdates", "result":"DeleteReceived", "context":{"id":"7d724a96-d565-4e0d-b3e6-46f0f2d943bd", "isDeleted:":"true", "version":"1693799863641"}}
{"logTime": "0916/173801", "correlationVector":"E9W8Wa+yDc10uAxq/yru9d.98","action":"GetUpdates", "result":"DeleteReceived", "context":{"id":"f43114c0-3633-429b-bbc0-054877417112", "isDeleted:":"true", "version":"1693799953031"}}
{"logTime": "0916/173801", "correlationVector":"E9W8Wa+yDc10uAxq/yru9d.99","action":"GetUpdates", "result":"DeleteReceived", "context":{"id":"6edb784a-0259-452f-bd81-170a43883d62", "isDeleted:":"true", "version":"1693800264493"}}
{"logTime": "0916/173801", "correlationVector":"E9W8Wa+yDc10uAxq/yru9d.100","action":"GetUpdates", "result":"DeleteReceived", "context":{"id":"9924359e-9a18-40fa-97cf-9da1eeddcc28", "isDeleted:":"true", "version":"1693800599934"}}
{"logTime": "0916/173801", "correlationVector":"E9W8Wa+yDc10uAxq/yru9d.101","action":"GetUpdates", "result":"DeleteReceived", "context":{"id":"fcc74882-813f-482a-8d72-616373c01a2e", "isDeleted:":"true", "version":"1693800781941"}}
{"logTime": "0916/173801", "correlationVector":"E9W8Wa+yDc10uAxq/yru9d.102","action":"GetUpdates", "result":"DeleteReceived", "context":{"id":"4133d796-4298-46cc-9e7b-70de5b1c9326", "isDeleted:":"true", "version":"1693800781943"}}
{"logTime": "0916/173801", "correlationVector":"E9W8Wa+yDc10uAxq/yru9d.103","action":"GetUpdates", "result":"DeleteReceived", "context":{"id":"c4fcd51d-2900-4343-bdc8-b7cce07afd1e", "isDeleted:":"true", "version":"1693800781945"}}
{"logTime": "0916/173801", "correlationVector":"E9W8Wa+yDc10uAxq/yru9d.104","action":"GetUpdates", "result":"DeleteReceived", "context":{"id":"971eed41-3011-408e-b296-2f6541831407", "isDeleted:":"true", "version":"1693800936751"}}
{"logTime": "0916/173801", "correlationVector":"E9W8Wa+yDc10uAxq/yru9d.105","action":"GetUpdates", "result":"DeleteReceived", "context":{"id":"87f3be94-3ff8-4b68-a19e-1bbd99a01be8", "isDeleted:":"true", "version":"1693800936752"}}
{"logTime": "0916/173801", "correlationVector":"E9W8Wa+yDc10uAxq/yru9d.106","action":"GetUpdates", "result":"DeleteReceived", "context":{"id":"cfa0891b-8ec6-4ce8-8711-8948685e1ca8", "isDeleted:":"true", "version":"1693801454959"}}
{"logTime": "0916/173801", "correlationVector":"E9W8Wa+yDc10uAxq/yru9d.107","action":"GetUpdates", "result":"DeleteReceived", "context":{"id":"12efca08-54e7-4538-a009-5ef01051485c", "isDeleted:":"true", "version":"1693803925659"}}
{"logTime": "0916/173801", "correlationVector":"E9W8Wa+yDc10uAxq/yru9d.108","action":"GetUpdates", "result":"DeleteReceived", "context":{"id":"ef4f5d48-73b3-44ca-ae87-972f124b6cb1", "isDeleted:":"true", "version":"1693804529986"}}
{"logTime": "0916/173801", "correlationVector":"E9W8Wa+yDc10uAxq/yru9d.109","action":"GetUpdates", "result":"DeleteReceived", "context":{"id":"686639e9-5194-4b28-9e9f-a9a4b3009bd4", "isDeleted:":"true", "version":"1693843739587"}}
{"logTime": "0916/173801", "correlationVector":"E9W8Wa+yDc10uAxq/yru9d.110","action":"GetUpdates", "result":"DeleteReceived", "context":{"id":"69d32ca2-460f-47c3-b298-7b2c392c6f0a", "isDeleted:":"true", "version":"1693843739588"}}
{"logTime": "0916/173801", "correlationVector":"E9W8Wa+yDc10uAxq/yru9d.111","action":"GetUpdates", "result":"DeleteReceived", "context":{"id":"3e904832-0bd2-428e-baf9-2f555bf9fbd9", "isDeleted:":"true", "version":"1693845196610"}}
{"logTime": "0916/173801", "correlationVector":"E9W8Wa+yDc10uAxq/yru9d.112","action":"GetUpdates", "result":"DeleteReceived", "context":{"id":"fc65296b-5287-4f59-ba52-6736af129a25", "isDeleted:":"true", "version":"1693845529427"}}
{"logTime": "0916/173801", "correlationVector":"E9W8Wa+yDc10uAxq/yru9d.113","action":"GetUpdates", "result":"DeleteReceived", "context":{"id":"9af30085-ae0c-42dc-84ae-a4ae95ffaefd", "isDeleted:":"true", "version":"1693846571248"}}
{"logTime": "0916/173801", "correlationVector":"E9W8Wa+yDc10uAxq/yru9d.114","action":"GetUpdates", "result":"DeleteReceived", "context":{"id":"79292920-ce3b-40fe-98ac-8e862cd25fcf", "isDeleted:":"true", "version":"1693846571249"}}
{"logTime": "0916/173801", "correlationVector":"E9W8Wa+yDc10uAxq/yru9d.115","action":"GetUpdates", "result":"DeleteReceived", "context":{"id":"0c89dde9-e7f4-4764-975b-07a094c64cb2", "isDeleted:":"true", "version":"1693846663710"}}
{"logTime": "0916/173801", "correlationVector":"E9W8Wa+yDc10uAxq/yru9d.116","action":"GetUpdates", "result":"DeleteReceived", "context":{"id":"60ab6eca-93f6-49bc-810d-4f2b430ae5ae", "isDeleted:":"true", "version":"1693846698061"}}
{"logTime": "0916/173801", "correlationVector":"E9W8Wa+yDc10uAxq/yru9d.117","action":"GetUpdates", "result":"DeleteReceived", "context":{"id":"2feb1cf4-5885-4f8e-8e5c-a09fddfe01bc", "isDeleted:":"true", "version":"1693847027752"}}
{"logTime": "0916/173801", "correlationVector":"E9W8Wa+yDc10uAxq/yru9d.118","action":"GetUpdates", "result":"DeleteReceived", "context":{"id":"5eb5cf13-736a-4d8e-857f-33d66dfa28bd", "isDeleted:":"true", "version":"1693847063004"}}
{"logTime": "0916/173801", "correlationVector":"E9W8Wa+yDc10uAxq/yru9d.119","action":"GetUpdates", "result":"DeleteReceived", "context":{"id":"7756ba44-7f21-4205-9459-d63b9e719d82", "isDeleted:":"true", "version":"1693848913331"}}
{"logTime": "0916/173801", "correlationVector":"E9W8Wa+yDc10uAxq/yru9d.120","action":"GetUpdates", "result":"DeleteReceived", "context":{"id":"73cc859c-1a98-4327-a8fc-8cf1a275ea6e", "isDeleted:":"true", "version":"1693850339603"}}
{"logTime": "0916/173801", "correlationVector":"E9W8Wa+yDc10uAxq/yru9d.121","action":"GetUpdates", "result":"DeleteReceived", "context":{"id":"dbb64b4a-ee51-4106-8ceb-df1ab8347e7d", "isDeleted:":"true", "version":"1693877927360"}}
{"logTime": "0916/173801", "correlationVector":"E9W8Wa+yDc10uAxq/yru9d.122","action":"GetUpdates", "result":"DeleteReceived", "context":{"id":"0b813ee8-4894-46e0-afff-56c2aa7a561c", "isDeleted:":"true", "version":"1693878700866"}}
{"logTime": "0916/173801", "correlationVector":"E9W8Wa+yDc10uAxq/yru9d.123","action":"GetUpdates", "result":"DeleteReceived", "context":{"id":"604af76a-871d-45a8-9014-ba4d6ac1f3d4", "isDeleted:":"true", "version":"1693889957555"}}
{"logTime": "0916/173801", "correlationVector":"E9W8Wa+yDc10uAxq/yru9d.124","action":"GetUpdates", "result":"DeleteReceived", "context":{"id":"7fcfa98c-542c-467e-bdc9-c7bbc221df90", "isDeleted:":"true", "version":"1693890564754"}}
{"logTime": "0916/173801", "correlationVector":"E9W8Wa+yDc10uAxq/yru9d.125","action":"GetUpdates", "result":"DeleteReceived", "context":{"id":"5a462077-4b27-4188-9360-7f59806a4b7b", "isDeleted:":"true", "version":"1693890564755"}}
{"logTime": "0916/173801", "correlationVector":"E9W8Wa+yDc10uAxq/yru9d.126","action":"GetUpdates", "result":"DeleteReceived", "context":{"id":"c5230523-e768-4d1f-8f92-55626f7edef1", "isDeleted:":"true", "version":"1693890564756"}}
{"logTime": "0916/173801", "correlationVector":"E9W8Wa+yDc10uAxq/yru9d.127","action":"GetUpdates", "result":"DeleteReceived", "context":{"id":"648c39fa-aad7-4064-b39a-a3dcdd246316", "isDeleted:":"true", "version":"1693890564757"}}
{"logTime": "0916/173801", "correlationVector":"E9W8Wa+yDc10uAxq/yru9d.128","action":"GetUpdates", "result":"DeleteReceived", "context":{"id":"7fba7335-8b0e-4554-9a6c-b2c5f55932ec", "isDeleted:":"true", "version":"1693890564760"}}
{"logTime": "0916/173801", "correlationVector":"E9W8Wa+yDc10uAxq/yru9d.129","action":"GetUpdates", "result":"DeleteReceived", "context":{"id":"868be4d7-201d-4bcb-8b46-d678f4f386db", "isDeleted:":"true", "version":"1693900057027"}}
{"logTime": "0916/173801", "correlationVector":"E9W8Wa+yDc10uAxq/yru9d.130","action":"GetUpdates", "result":"DeleteReceived", "context":{"id":"84119a31-ebe1-4afe-b764-19db5cd93b6a", "isDeleted:":"true", "version":"1693900057028"}}
{"logTime": "0916/173801", "correlationVector":"E9W8Wa+yDc10uAxq/yru9d.131","action":"GetUpdates", "result":"DeleteReceived", "context":{"id":"c871ff55-44de-40e9-abda-1a1de75dc862", "isDeleted:":"true", "version":"1693900057029"}}
{"logTime": "0916/173801", "correlationVector":"E9W8Wa+yDc10uAxq/yru9d.132","action":"GetUpdates", "result":"DeleteReceived", "context":{"id":"02699693-6e54-4f5a-b3ef-cf7eca33b9fd", "isDeleted:":"true", "version":"1693901100315"}}
{"logTime": "0916/173801", "correlationVector":"E9W8Wa+yDc10uAxq/yru9d.133","action":"GetUpdates", "result":"DeleteReceived", "context":{"id":"a33dbd02-e4f3-436d-9eb1-d9743828a349", "isDeleted:":"true", "version":"1693901158779"}}
{"logTime": "0916/173801", "correlationVector":"E9W8Wa+yDc10uAxq/yru9d.134","action":"GetUpdates", "result":"DeleteReceived", "context":{"id":"aeafe4c6-6e2e-4db0-b7ff-69499406de19", "isDeleted:":"true", "version":"1693960887914"}}
{"logTime": "0916/173801", "correlationVector":"E9W8Wa+yDc10uAxq/yru9d.135","action":"GetUpdates", "result":"DeleteReceived", "context":{"id":"3d69eac2-a99e-496c-bb1b-5dcb00a78025", "isDeleted:":"true", "version":"1693960887915"}}
{"logTime": "0916/173801", "correlationVector":"E9W8Wa+yDc10uAxq/yru9d.136","action":"GetUpdates", "result":"DeleteReceived", "context":{"id":"1f0febd8-54e6-4a5f-a77b-52da4faf922b", "isDeleted:":"true", "version":"1694143828590"}}
{"logTime": "0916/173801", "correlationVector":"E9W8Wa+yDc10uAxq/yru9d.137","action":"GetUpdates", "result":"DeleteReceived", "context":{"id":"4504e39d-1409-410b-a495-29ecb12ec66e", "isDeleted:":"true", "version":"1694143828591"}}
{"logTime": "0916/173801", "correlationVector":"E9W8Wa+yDc10uAxq/yru9d.138","action":"GetUpdates", "result":"DeleteReceived", "context":{"id":"2b89e835-360c-4b9b-bea6-d2f7f6746975", "isDeleted:":"true", "version":"1694144426288"}}
{"logTime": "0916/173801", "correlationVector":"E9W8Wa+yDc10uAxq/yru9d.139","action":"GetUpdates", "result":"DeleteReceived", "context":{"id":"9d57ec68-55fd-4cce-b147-5a54b8bf556a", "isDeleted:":"true", "version":"1694145098175"}}
{"logTime": "0916/173801", "correlationVector":"E9W8Wa+yDc10uAxq/yru9d.140","action":"GetUpdates", "result":"DeleteReceived", "context":{"id":"bbbd7298-9e06-4aed-aa56-4c86a9d3ec7a", "isDeleted:":"true", "version":"1694145098176"}}
{"logTime": "0916/173801", "correlationVector":"E9W8Wa+yDc10uAxq/yru9d.141","action":"GetUpdates", "result":"DeleteReceived", "context":{"id":"42115253-04d7-4e0c-a35f-361b45ef4425", "isDeleted:":"true", "version":"1694145098177"}}
{"logTime": "0916/173801", "correlationVector":"E9W8Wa+yDc10uAxq/yru9d.142","action":"GetUpdates", "result":"DeleteReceived", "context":{"id":"5dda3d94-908e-4d5a-a731-0a654d061380", "isDeleted:":"true", "version":"1694145859008"}}
{"logTime": "0916/173801", "correlationVector":"E9W8Wa+yDc10uAxq/yru9d.143","action":"GetUpdates", "result":"DeleteReceived", "context":{"id":"4938c367-5376-48a2-85ae-20fbb7c12cca", "isDeleted:":"true", "version":"1694148760745"}}
{"logTime": "0916/173801", "correlationVector":"E9W8Wa+yDc10uAxq/yru9d.144","action":"GetUpdates", "result":"DeleteReceived", "context":{"id":"bd2741dd-2a50-4362-8216-c6c801115397", "isDeleted:":"true", "version":"1694150469446"}}
{"logTime": "0916/173801", "correlationVector":"E9W8Wa+yDc10uAxq/yru9d.145","action":"GetUpdates", "result":"DeleteReceived", "context":{"id":"5015aca5-7ad6-491d-b9a3-5bf49818a7f9", "isDeleted:":"true", "version":"1694151016407"}}
{"logTime": "0916/173801", "correlationVector":"E9W8Wa+yDc10uAxq/yru9d.146","action":"GetUpdates", "result":"DeleteReceived", "context":{"id":"36b77d9b-cc2d-4a7c-bfd9-f301950fa038", "isDeleted:":"true", "version":"1694151016408"}}
{"logTime": "0916/173801", "correlationVector":"E9W8Wa+yDc10uAxq/yru9d.147","action":"GetUpdates", "result":"DeleteReceived", "context":{"id":"9f0e90dd-6c34-4ac3-8fc2-570fd03893ac", "isDeleted:":"true", "version":"1694151822489"}}
{"logTime": "0916/173801", "correlationVector":"E9W8Wa+yDc10uAxq/yru9d.148","action":"GetUpdates", "result":"DeleteReceived", "context":{"id":"0619416b-abdb-41ea-a87a-6590ae8e3bb2", "isDeleted:":"true", "version":"1694189570640"}}
{"logTime": "0916/173801", "correlationVector":"E9W8Wa+yDc10uAxq/yru9d.149","action":"GetUpdates", "result":"DeleteReceived", "context":{"id":"934295f8-3ff2-46ca-910e-5b7459dfe687", "isDeleted:":"true", "version":"1694190635638"}}
{"logTime": "0916/173801", "correlationVector":"E9W8Wa+yDc10uAxq/yru9d.150","action":"GetUpdates", "result":"DeleteReceived", "context":{"id":"04ba9b03-846b-4950-b023-7968e9be07dc", "isDeleted:":"true", "version":"1694192214083"}}
{"logTime": "0916/173801", "correlationVector":"E9W8Wa+yDc10uAxq/yru9d.151","action":"GetUpdates", "result":"DeleteReceived", "context":{"id":"5edf8a5d-91da-410b-bf16-2268a3e3a52b", "isDeleted:":"true", "version":"1694234105623"}}
{"logTime": "0916/173801", "correlationVector":"E9W8Wa+yDc10uAxq/yru9d.152","action":"GetUpdates", "result":"DeleteReceived", "context":{"id":"0a2f11ea-adcb-4786-a8a6-f0751a5bf2f9", "isDeleted:":"true", "version":"1694318891468"}}
{"logTime": "0916/173801", "correlationVector":"E9W8Wa+yDc10uAxq/yru9d.153","action":"GetUpdates", "result":"DeleteReceived", "context":{"id":"6dcf7848-848e-4164-9a13-40dabea88699", "isDeleted:":"true", "version":"1694318891469"}}
{"logTime": "0916/173801", "correlationVector":"E9W8Wa+yDc10uAxq/yru9d.154","action":"GetUpdates", "result":"DeleteReceived", "context":{"id":"44c063a2-3a2f-49ff-9e4a-640634ae785e", "isDeleted:":"true", "version":"1694318891470"}}
{"logTime": "0916/173801", "correlationVector":"E9W8Wa+yDc10uAxq/yru9d.155","action":"GetUpdates", "result":"DeleteReceived", "context":{"id":"cb3866bd-3c76-4e86-9051-4499ad7edd1f", "isDeleted:":"true", "version":"1694319307433"}}
{"logTime": "0916/173801", "correlationVector":"E9W8Wa+yDc10uAxq/yru9d.156","action":"GetUpdates", "result":"DeleteReceived", "context":{"id":"98bda92b-7b9e-43ac-90d4-bc9e557fb5dc", "isDeleted:":"true", "version":"1694321946057"}}
{"logTime": "0916/173801", "correlationVector":"E9W8Wa+yDc10uAxq/yru9d.157","action":"GetUpdates", "result":"DeleteReceived", "context":{"id":"90d8fbc1-9314-4c8c-a24c-5f7856362ea6", "isDeleted:":"true", "version":"1694321946059"}}
{"logTime": "0916/173801", "correlationVector":"E9W8Wa+yDc10uAxq/yru9d.158","action":"GetUpdates", "result":"DeleteReceived", "context":{"id":"28ca1fbe-c4f4-427c-a1ea-afe99d11c728", "isDeleted:":"true", "version":"1694321997145"}}
{"logTime": "0916/173801", "correlationVector":"E9W8Wa+yDc10uAxq/yru9d.159","action":"GetUpdates", "result":"DeleteReceived", "context":{"id":"944e9b56-c447-4176-ac58-3af77212bbd6", "isDeleted:":"true", "version":"1694321997146"}}
{"logTime": "0916/173801", "correlationVector":"E9W8Wa+yDc10uAxq/yru9d.160","action":"GetUpdates", "result":"DeleteReceived", "context":{"id":"b20665f5-2d0a-46c5-8314-0e8d352c907e", "isDeleted:":"true", "version":"1694321997147"}}
{"logTime": "0916/173801", "correlationVector":"E9W8Wa+yDc10uAxq/yru9d.161","action":"GetUpdates", "result":"DeleteReceived", "context":{"id":"8f58915f-6837-429a-a251-d34114904f07", "isDeleted:":"true", "version":"1694322130818"}}
{"logTime": "0916/173801", "correlationVector":"E9W8Wa+yDc10uAxq/yru9d.162","action":"GetUpdates", "result":"DeleteReceived", "context":{"id":"cda6c4e8-f0fe-4c5c-a0d9-832fc1552604", "isDeleted:":"true", "version":"1694322165163"}}
{"logTime": "0916/173801", "correlationVector":"E9W8Wa+yDc10uAxq/yru9d.163","action":"GetUpdates", "result":"DeleteReceived", "context":{"id":"7738c74d-147b-4195-889c-bfd964f95082", "isDeleted:":"true", "version":"1694324515523"}}
{"logTime": "0916/173801", "correlationVector":"E9W8Wa+yDc10uAxq/yru9d.164","action":"GetUpdates", "result":"DeleteReceived", "context":{"id":"b6c0c665-aa73-4026-92cb-fc33b8bc5dd3", "isDeleted:":"true", "version":"1694324778210"}}
{"logTime": "0916/173801", "correlationVector":"E9W8Wa+yDc10uAxq/yru9d.165","action":"GetUpdates", "result":"DeleteReceived", "context":{"id":"55ae2b29-7da5-4544-809a-125daa56c14c", "isDeleted:":"true", "version":"1694325037959"}}
{"logTime": "0916/173801", "correlationVector":"E9W8Wa+yDc10uAxq/yru9d.166","action":"GetUpdates", "result":"DeleteReceived", "context":{"id":"c85112a5-c8c5-4690-bab5-df6e31bb8e49", "isDeleted:":"true", "version":"1694325037961"}}
{"logTime": "0916/173801", "correlationVector":"E9W8Wa+yDc10uAxq/yru9d.167","action":"GetUpdates", "result":"DeleteReceived", "context":{"id":"e94b89e1-f38d-4a24-ba15-41892511ca29", "isDeleted:":"true", "version":"1694328436443"}}
{"logTime": "0916/173801", "correlationVector":"E9W8Wa+yDc10uAxq/yru9d.168","action":"GetUpdates", "result":"DeleteReceived", "context":{"id":"5b8a0e3f-85de-4e93-978c-0b1446f47ca0", "isDeleted:":"true", "version":"1694328650242"}}
{"logTime": "0916/173801", "correlationVector":"E9W8Wa+yDc10uAxq/yru9d.169","action":"GetUpdates", "result":"DeleteReceived", "context":{"id":"8fdf0fe5-75ea-406d-8ca9-55c86cea9edb", "isDeleted:":"true", "version":"1694328650243"}}
{"logTime": "0916/173801", "correlationVector":"E9W8Wa+yDc10uAxq/yru9d.170","action":"GetUpdates", "result":"DeleteReceived", "context":{"id":"08a162eb-8798-4753-888e-67304ecea715", "isDeleted:":"true", "version":"1694329624954"}}
{"logTime": "0916/173801", "correlationVector":"E9W8Wa+yDc10uAxq/yru9d.171","action":"GetUpdates", "result":"DeleteReceived", "context":{"id":"482570bf-d06e-4d59-bbaf-237f14a8f4c4", "isDeleted:":"true", "version":"1694330980197"}}
{"logTime": "0916/173801", "correlationVector":"E9W8Wa+yDc10uAxq/yru9d.172","action":"GetUpdates", "result":"DeleteReceived", "context":{"id":"d67dda79-178f-431e-9f23-ac857b281a47", "isDeleted:":"true", "version":"1694362242195"}}
{"logTime": "0916/173801", "correlationVector":"E9W8Wa+yDc10uAxq/yru9d.173","action":"GetUpdates", "result":"DeleteReceived", "context":{"id":"a93f26f1-942d-489d-90d7-374cc5f33df4", "isDeleted:":"true", "version":"1694362242196"}}
{"logTime": "0916/173801", "correlationVector":"E9W8Wa+yDc10uAxq/yru9d.174","action":"GetUpdates", "result":"DeleteReceived", "context":{"id":"afa5116f-e82a-4d6d-8e1a-8303863f04dc", "isDeleted:":"true", "version":"1694362337776"}}
{"logTime": "0916/173801", "correlationVector":"E9W8Wa+yDc10uAxq/yru9d.175","action":"GetUpdates", "result":"DeleteReceived", "context":{"id":"79c3eb3f-4426-40d2-9f96-9e3080478427", "isDeleted:":"true", "version":"1694362814380"}}
{"logTime": "0916/173801", "correlationVector":"E9W8Wa+yDc10uAxq/yru9d.176","action":"GetUpdates", "result":"DeleteReceived", "context":{"id":"31c69b2f-7e86-4d03-9ab2-a10b17cd628e", "isDeleted:":"true", "version":"1694363094284"}}
{"logTime": "0916/173801", "correlationVector":"E9W8Wa+yDc10uAxq/yru9d.177","action":"GetUpdates", "result":"DeleteReceived", "context":{"id":"510b0324-579e-48cb-b566-a0cd3d7b5b93", "isDeleted:":"true", "version":"1694363129226"}}
{"logTime": "0916/173801", "correlationVector":"E9W8Wa+yDc10uAxq/yru9d.178","action":"GetUpdates", "result":"DeleteReceived", "context":{"id":"18a4810b-27d8-4e29-93d3-17a664d6964f", "isDeleted:":"true", "version":"1694363207217"}}
{"logTime": "0916/173801", "correlationVector":"E9W8Wa+yDc10uAxq/yru9d.179","action":"GetUpdates", "result":"DeleteReceived", "context":{"id":"68e04956-4ffe-4f80-851f-10f7cd720562", "isDeleted:":"true", "version":"1694364597004"}}
{"logTime": "0916/173801", "correlationVector":"E9W8Wa+yDc10uAxq/yru9d.180","action":"GetUpdates", "result":"DeleteReceived", "context":{"id":"51b0ad44-415f-4d6b-acce-570c459e11ea", "isDeleted:":"true", "version":"1694365525288"}}
{"logTime": "0916/173801", "correlationVector":"E9W8Wa+yDc10uAxq/yru9d.181","action":"GetUpdates", "result":"DeleteReceived", "context":{"id":"af68420e-6ec1-4d2b-9775-8f0acf29b557", "isDeleted:":"true", "version":"1694365525289"}}
{"logTime": "0916/173801", "correlationVector":"E9W8Wa+yDc10uAxq/yru9d.182","action":"GetUpdates", "result":"DeleteReceived", "context":{"id":"ef06aa7f-137d-4025-9672-e2850cd270ff", "isDeleted:":"true", "version":"1694365937813"}}
{"logTime": "0916/173801", "correlationVector":"E9W8Wa+yDc10uAxq/yru9d.183","action":"GetUpdates", "result":"DeleteReceived", "context":{"id":"0e432393-f24f-4283-8343-d9ed33a1c99a", "isDeleted:":"true", "version":"1694366040220"}}
{"logTime": "0916/173801", "correlationVector":"E9W8Wa+yDc10uAxq/yru9d.184","action":"GetUpdates", "result":"DeleteReceived", "context":{"id":"9556751c-f837-4348-88cc-b1abee80327a", "isDeleted:":"true", "version":"1694411776466"}}
{"logTime": "0916/173801", "correlationVector":"E9W8Wa+yDc10uAxq/yru9d.185","action":"GetUpdates", "result":"DeleteReceived", "context":{"id":"e992ae7e-83fa-41ce-ac52-eefe7ae884ba", "isDeleted:":"true", "version":"1693585885726"}}
{"logTime": "0916/173801", "correlationVector":"E9W8Wa+yDc10uAxq/yru9d.186","action":"GetUpdates", "result":"DeleteReceived", "context":{"id":"ad84fa1a-a895-407a-95cb-dd319aa2dc39", "isDeleted:":"true", "version":"1693586562460"}}
{"logTime": "0916/173801", "correlationVector":"E9W8Wa+yDc10uAxq/yru9d.187","action":"GetUpdates", "result":"DeleteReceived", "context":{"id":"4fdd2e10-c6e8-42a7-8942-8718c92e16d0", "isDeleted:":"true", "version":"1693587656266"}}
{"logTime": "0916/173801", "correlationVector":"E9W8Wa+yDc10uAxq/yru9d.188","action":"GetUpdates", "result":"DeleteReceived", "context":{"id":"b97dbce5-15d6-4034-98f8-52d61681a454", "isDeleted:":"true", "version":"1693588372405"}}
{"logTime": "0916/173801", "correlationVector":"E9W8Wa+yDc10uAxq/yru9d.189","action":"GetUpdates", "result":"DeleteReceived", "context":{"id":"95acf9a9-74d1-4256-90ed-4cd70ecb65f1", "isDeleted:":"true", "version":"1693712424329"}}
{"logTime": "0916/173801", "correlationVector":"E9W8Wa+yDc10uAxq/yru9d.190","action":"GetUpdates", "result":"DeleteReceived", "context":{"id":"be57168f-63e7-4a7b-9c03-ba92c1803a4b", "isDeleted:":"true", "version":"1693714152869"}}
{"logTime": "0916/173801", "correlationVector":"E9W8Wa+yDc10uAxq/yru9d.191","action":"GetUpdates", "result":"DeleteReceived", "context":{"id":"105b2764-3ec5-4c10-b1da-16031aeaee59", "isDeleted:":"true", "version":"1693716917110"}}
{"logTime": "0916/173801", "correlationVector":"E9W8Wa+yDc10uAxq/yru9d.192","action":"GetUpdates", "result":"DeleteReceived", "context":{"id":"21a01a54-94b9-4216-851a-9a5f48f1fcf0", "isDeleted:":"true", "version":"1693730159703"}}
{"logTime": "0916/173801", "correlationVector":"E9W8Wa+yDc10uAxq/yru9d.193","action":"GetUpdates", "result":"DeleteReceived", "context":{"id":"176a7ee7-c3ff-4b60-9485-0f2f098a7355", "isDeleted:":"true", "version":"1693760313837"}}
{"logTime": "0916/173801", "correlationVector":"E9W8Wa+yDc10uAxq/yru9d.194","action":"GetUpdates", "result":"DeleteReceived", "context":{"id":"61b1c0e7-f0f5-41aa-9bdc-bc30f4dd9c23", "isDeleted:":"true", "version":"1693799813643"}}
{"logTime": "0916/173801", "correlationVector":"E9W8Wa+yDc10uAxq/yru9d.195","action":"GetUpdates", "result":"DeleteReceived", "context":{"id":"ac240d6d-c4c7-4333-9f3d-fdd4da1cf3a0", "isDeleted:":"true", "version":"1693801277083"}}
{"logTime": "0916/173801", "correlationVector":"E9W8Wa+yDc10uAxq/yru9d.196","action":"GetUpdates", "result":"DeleteReceived", "context":{"id":"cc6f15cf-3bb7-47ef-8cda-735042d9bfdc", "isDeleted:":"true", "version":"1693804426706"}}
{"logTime": "0916/173801", "correlationVector":"E9W8Wa+yDc10uAxq/yru9d.197","action":"GetUpdates", "result":"DeleteReceived", "context":{"id":"7c67d584-e2d3-4c67-8b78-b61a28600f5a", "isDeleted:":"true", "version":"1693845196611"}}
{"logTime": "0916/173801", "correlationVector":"E9W8Wa+yDc10uAxq/yru9d.198","action":"GetUpdates", "result":"DeleteReceived", "context":{"id":"0b50a911-a46d-4b0e-8e12-aa866ea95187", "isDeleted:":"true", "version":"1693845880968"}}
{"logTime": "0916/173801", "correlationVector":"E9W8Wa+yDc10uAxq/yru9d.199","action":"GetUpdates", "result":"DeleteReceived", "context":{"id":"fb8e0313-7b3d-4753-a8a5-e07fc1bf6f0d", "isDeleted:":"true", "version":"1693846403095"}}
{"logTime": "0916/173801", "correlationVector":"E9W8Wa+yDc10uAxq/yru9d.200","action":"GetUpdates", "result":"DeleteReceived", "context":{"id":"d0cdfedc-264d-4ada-a1b5-581e4d45086f", "isDeleted:":"true", "version":"1693846981069"}}
{"logTime": "0916/173801", "correlationVector":"E9W8Wa+yDc10uAxq/yru9d.201","action":"GetUpdates", "result":"DeleteReceived", "context":{"id":"da4b1148-74a1-4456-835c-2e5ed2ccf04c", "isDeleted:":"true", "version":"1693847672812"}}
{"logTime": "0916/173801", "correlationVector":"E9W8Wa+yDc10uAxq/yru9d.202","action":"GetUpdates", "result":"DeleteReceived", "context":{"id":"78ab8c8e-c2bf-4754-b6cc-69f93a7fef73", "isDeleted:":"true", "version":"1693895119374"}}
{"logTime": "0916/173801", "correlationVector":"E9W8Wa+yDc10uAxq/yru9d.203","action":"GetUpdates", "result":"DeleteReceived", "context":{"id":"d2acff69-a331-4ac5-978a-f49e78f02b02", "isDeleted:":"true", "version":"1693918784897"}}
{"logTime": "0916/173801", "correlationVector":"E9W8Wa+yDc10uAxq/yru9d.204","action":"GetUpdates", "result":"DeleteReceived", "context":{"id":"630fd092-2de6-4e37-ba24-c9ef8ce6574b", "isDeleted:":"true", "version":"1693919327899"}}
{"logTime": "0916/173801", "correlationVector":"E9W8Wa+yDc10uAxq/yru9d.205","action":"GetUpdates", "result":"DeleteReceived", "context":{"id":"cb3b6681-0b7c-486e-87b2-2b96ce922b51", "isDeleted:":"true", "version":"1693919375874"}}
{"logTime": "0916/173801", "correlationVector":"E9W8Wa+yDc10uAxq/yru9d.206","action":"GetUpdates", "result":"DeleteReceived", "context":{"id":"734e3608-3a85-4440-b732-0e3cddaf0abb", "isDeleted:":"true", "version":"1693919378413"}}
{"logTime": "0916/173801", "correlationVector":"E9W8Wa+yDc10uAxq/yru9d.207","action":"GetUpdates", "result":"DeleteReceived", "context":{"id":"859244c8-8aaa-422e-a894-8be9c21b2163", "isDeleted:":"true", "version":"1693919460456"}}
{"logTime": "0916/173801", "correlationVector":"E9W8Wa+yDc10uAxq/yru9d.208","action":"GetUpdates", "result":"DeleteReceived", "context":{"id":"eab79b28-cfd4-4d1f-b3ea-1c04acfab0b5", "isDeleted:":"true", "version":"1693963140177"}}
{"logTime": "0916/173801", "correlationVector":"E9W8Wa+yDc10uAxq/yru9d.209","action":"GetUpdates", "result":"DeleteReceived", "context":{"id":"bdaba450-773d-4bc1-afb4-e68d30098b6d", "isDeleted:":"true", "version":"1693963154050"}}
{"logTime": "0916/173801", "correlationVector":"E9W8Wa+yDc10uAxq/yru9d.210","action":"GetUpdates", "result":"DeleteReceived", "context":{"id":"aa834c69-0f42-4430-9dfa-10eb80f10768", "isDeleted:":"true", "version":"1694190452653"}}
{"logTime": "0916/173801", "correlationVector":"E9W8Wa+yDc10uAxq/yru9d.211","action":"GetUpdates", "result":"DeleteReceived", "context":{"id":"ba763572-f5ce-4090-9ea3-cd66430f89ad", "isDeleted:":"true", "version":"1694191911046"}}
{"logTime": "0916/173801", "correlationVector":"E9W8Wa+yDc10uAxq/yru9d.212","action":"GetUpdates", "result":"DeleteReceived", "context":{"id":"b3c07ad9-afdc-4b04-89cd-93562922a048", "isDeleted:":"true", "version":"1694191965474"}}
{"logTime": "0916/173801", "correlationVector":"E9W8Wa+yDc10uAxq/yru9d.213","action":"GetUpdates", "result":"DeleteReceived", "context":{"id":"bbabbab9-d896-4cb2-b9dd-2c29748c1f71", "isDeleted:":"true", "version":"1694192055280"}}
{"logTime": "0916/173801", "correlationVector":"E9W8Wa+yDc10uAxq/yru9d.214","action":"GetUpdates", "result":"DeleteReceived", "context":{"id":"6a07f2ec-7180-408b-b5f8-f1aba2fd2e0c", "isDeleted:":"true", "version":"1694192056914"}}
{"logTime": "0916/173801", "correlationVector":"E9W8Wa+yDc10uAxq/yru9d.215","action":"GetUpdates Response", "result":"SERVER_MORE_TO_DOWNLOAD", "context":Received 250 update(s).  Some updates remain.}
{"logTime": "0916/173801", "correlationVector":"8UAbN3G+SefI2PfPsFTu5p","action":"Initial GetUpdates", "result":"", "context":Reason: NEWLY_SUPPORTED_DATATYPE. cV=8UAbN3G+SefI2PfPsFTu5p}
{"logTime": "0916/173801", "correlationVector":"8UAbN3G+SefI2PfPsFTu5p.1","action":"SyncServerConnectionManagerRequest", "result":"SYNC_SERVER_OK", "context":{"environment":"Prod_SoutheastAsia_000j", "migrationStage":"NotStarted", "server":"GENERAL01000017"}}
{"logTime": "0916/173801", "correlationVector":"8UAbN3G+SefI2PfPsFTu5p.2","action":"GetUpdates", "result":"DeleteReceived", "context":{"id":"f981daf2-a9e2-4ec0-b8cc-eb6e926c83ae", "isDeleted:":"true", "version":"1694411776467"}}
{"logTime": "0916/173801", "correlationVector":"8UAbN3G+SefI2PfPsFTu5p.3","action":"GetUpdates", "result":"DeleteReceived", "context":{"id":"0156da6c-a969-4abc-b7df-a82ffd45d529", "isDeleted:":"true", "version":"1694411776468"}}
{"logTime": "0916/173801", "correlationVector":"8UAbN3G+SefI2PfPsFTu5p.4","action":"GetUpdates", "result":"DeleteReceived", "context":{"id":"1bf003a8-c3ea-4974-9a73-97c764e41a4f", "isDeleted:":"true", "version":"1694411776469"}}
{"logTime": "0916/173801", "correlationVector":"8UAbN3G+SefI2PfPsFTu5p.5","action":"GetUpdates", "result":"DeleteReceived", "context":{"id":"b9a9b5d8-960d-42e1-9940-1521f40cc1e8", "isDeleted:":"true", "version":"1694411776470"}}
{"logTime": "0916/173801", "correlationVector":"8UAbN3G+SefI2PfPsFTu5p.6","action":"GetUpdates", "result":"DeleteReceived", "context":{"id":"a6f410e2-2989-489e-9f08-a426a216c5cc", "isDeleted:":"true", "version":"1694449312492"}}
{"logTime": "0916/173801", "correlationVector":"8UAbN3G+SefI2PfPsFTu5p.7","action":"GetUpdates", "result":"DeleteReceived", "context":{"id":"9b49f2bf-0076-49e7-b62a-29a5cd3fe863", "isDeleted:":"true", "version":"1694449312493"}}
{"logTime": "0916/173801", "correlationVector":"8UAbN3G+SefI2PfPsFTu5p.8","action":"GetUpdates", "result":"DeleteReceived", "context":{"id":"46edb2cd-7aae-4355-a2d2-91da9a13b1e1", "isDeleted:":"true", "version":"1694451887872"}}
{"logTime": "0916/173801", "correlationVector":"8UAbN3G+SefI2PfPsFTu5p.9","action":"GetUpdates", "result":"DeleteReceived", "context":{"id":"eead3408-4a26-45f3-a1e8-16015a3f2212", "isDeleted:":"true", "version":"1694452028414"}}
{"logTime": "0916/173801", "correlationVector":"8UAbN3G+SefI2PfPsFTu5p.10","action":"GetUpdates", "result":"DeleteReceived", "context":{"id":"b286635b-6fb8-4473-8677-035de9ad1bcd", "isDeleted:":"true", "version":"1694452120226"}}
{"logTime": "0916/173801", "correlationVector":"8UAbN3G+SefI2PfPsFTu5p.11","action":"GetUpdates", "result":"DeleteReceived", "context":{"id":"e2a50be6-6a69-4c51-b4fd-60efaaea4969", "isDeleted:":"true", "version":"1694452648355"}}
{"logTime": "0916/173801", "correlationVector":"8UAbN3G+SefI2PfPsFTu5p.12","action":"GetUpdates", "result":"DeleteReceived", "context":{"id":"1029734b-f4ff-4cc6-aaed-60526bacf0f8", "isDeleted:":"true", "version":"1694505556492"}}
{"logTime": "0916/173801", "correlationVector":"8UAbN3G+SefI2PfPsFTu5p.13","action":"GetUpdates Response", "result":"SERVER_MORE_TO_DOWNLOAD", "context":Received 250 update(s).  Some updates remain.}
{"logTime": "0916/173801", "correlationVector":"eLY8Awfxu0RHQkPGAatUj8","action":"Initial GetUpdates", "result":"", "context":Reason: NEWLY_SUPPORTED_DATATYPE. cV=eLY8Awfxu0RHQkPGAatUj8}
{"logTime": "0916/173801", "correlationVector":"eLY8Awfxu0RHQkPGAatUj8.1","action":"SyncServerConnectionManagerRequest", "result":"SYNC_SERVER_OK", "context":{"environment":"Prod_SoutheastAsia_000j", "migrationStage":"NotStarted", "server":"GENERAL0100000G"}}
{"logTime": "0916/173801", "correlationVector":"eLY8Awfxu0RHQkPGAatUj8.2","action":"GetUpdates Response", "result":"SERVER_MORE_TO_DOWNLOAD", "context":Received 250 update(s).  Some updates remain.}
{"logTime": "0916/173801", "correlationVector":"RQmaKThQ1FPjPAUHW0kmhU","action":"Initial GetUpdates", "result":"", "context":Reason: NEWLY_SUPPORTED_DATATYPE. cV=RQmaKThQ1FPjPAUHW0kmhU}
{"logTime": "0916/173801", "correlationVector":"RQmaKThQ1FPjPAUHW0kmhU.1","action":"SyncServerConnectionManagerRequest", "result":"SYNC_SERVER_OK", "context":{"environment":"Prod_SoutheastAsia_000j", "migrationStage":"NotStarted", "server":"GENERAL01000009"}}
{"logTime": "0916/173801", "correlationVector":"RQmaKThQ1FPjPAUHW0kmhU.2","action":"GetUpdates Response", "result":"SERVER_MORE_TO_DOWNLOAD", "context":Received 250 update(s).  Some updates remain.}
{"logTime": "0916/173801", "correlationVector":"q3REpjil99vSNwsr4jqVM7","action":"Initial GetUpdates", "result":"", "context":Reason: NEWLY_SUPPORTED_DATATYPE. cV=q3REpjil99vSNwsr4jqVM7}
{"logTime": "0916/173801", "correlationVector":"q3REpjil99vSNwsr4jqVM7.1","action":"SyncServerConnectionManagerRequest", "result":"SYNC_SERVER_OK", "context":{"environment":"Prod_SoutheastAsia_000j", "migrationStage":"NotStarted", "server":"GENERAL0100000D"}}
{"logTime": "0916/173801", "correlationVector":"q3REpjil99vSNwsr4jqVM7.2","action":"GetUpdates Response", "result":"SERVER_MORE_TO_DOWNLOAD", "context":Received 250 update(s).  Some updates remain.}
{"logTime": "0916/173801", "correlationVector":"Wxkg1itXFmmwn+WUBY88gA","action":"Initial GetUpdates", "result":"", "context":Reason: NEWLY_SUPPORTED_DATATYPE. cV=Wxkg1itXFmmwn+WUBY88gA}
{"logTime": "0916/173801", "correlationVector":"Wxkg1itXFmmwn+WUBY88gA.1","action":"SyncServerConnectionManagerRequest", "result":"SYNC_SERVER_OK", "context":{"environment":"Prod_SoutheastAsia_000j", "migrationStage":"NotStarted", "server":"GENERAL0100000B"}}
{"logTime": "0916/173801", "correlationVector":"Wxkg1itXFmmwn+WUBY88gA.2","action":"GetUpdates", "result":"DeleteReceived", "context":{"id":"59354269-1141-4077-9751-b27745c3cd08", "isDeleted:":"true", "version":"1694577929157"}}
{"logTime": "0916/173801", "correlationVector":"Wxkg1itXFmmwn+WUBY88gA.3","action":"GetUpdates", "result":"DeleteReceived", "context":{"id":"60c82632-8b5f-483e-876d-284e33322f00", "isDeleted:":"true", "version":"1694578545621"}}
{"logTime": "0916/173801", "correlationVector":"Wxkg1itXFmmwn+WUBY88gA.4","action":"GetUpdates", "result":"DeleteReceived", "context":{"id":"f999d49a-2e5d-484d-8e28-e0a1fbc25a65", "isDeleted:":"true", "version":"1694578545622"}}
{"logTime": "0916/173801", "correlationVector":"Wxkg1itXFmmwn+WUBY88gA.5","action":"GetUpdates", "result":"DeleteReceived", "context":{"id":"d218efed-5790-4797-89ac-1a76a58211a6", "isDeleted:":"true", "version":"1694578682169"}}
{"logTime": "0916/173801", "correlationVector":"Wxkg1itXFmmwn+WUBY88gA.6","action":"GetUpdates", "result":"DeleteReceived", "context":{"id":"57b54503-a690-4ba1-9a48-ab4fa86745eb", "isDeleted:":"true", "version":"1694578847440"}}
{"logTime": "0916/173801", "correlationVector":"Wxkg1itXFmmwn+WUBY88gA.7","action":"GetUpdates", "result":"DeleteReceived", "context":{"id":"cc490706-7b55-4ff0-beed-60142d6cc1b6", "isDeleted:":"true", "version":"1694578935135"}}
{"logTime": "0916/173801", "correlationVector":"Wxkg1itXFmmwn+WUBY88gA.8","action":"GetUpdates", "result":"DeleteReceived", "context":{"id":"9a919718-ff54-4c00-8e80-087e7dd1b6f7", "isDeleted:":"true", "version":"1694578990093"}}
{"logTime": "0916/173801", "correlationVector":"Wxkg1itXFmmwn+WUBY88gA.9","action":"GetUpdates", "result":"DeleteReceived", "context":{"id":"ee0ddcaa-1ab3-4d9f-a3b0-6e1d74eed0a3", "isDeleted:":"true", "version":"1694579023780"}}
{"logTime": "0916/173801", "correlationVector":"Wxkg1itXFmmwn+WUBY88gA.10","action":"GetUpdates", "result":"DeleteReceived", "context":{"id":"13ac3abf-7a72-4b32-bfb1-3591a28b4acf", "isDeleted:":"true", "version":"1694580226112"}}
{"logTime": "0916/173801", "correlationVector":"Wxkg1itXFmmwn+WUBY88gA.11","action":"GetUpdates", "result":"DeleteReceived", "context":{"id":"3db8bdf7-a1d5-4052-84f8-fc575b2d930c", "isDeleted:":"true", "version":"1694580265616"}}
{"logTime": "0916/173801", "correlationVector":"Wxkg1itXFmmwn+WUBY88gA.12","action":"GetUpdates", "result":"DeleteReceived", "context":{"id":"1c778493-1ea1-4ca9-87d2-93f6ac0d6e81", "isDeleted:":"true", "version":"1694580539418"}}
{"logTime": "0916/173801", "correlationVector":"Wxkg1itXFmmwn+WUBY88gA.13","action":"GetUpdates", "result":"DeleteReceived", "context":{"id":"08e9dad2-a611-49ce-921e-93381be2c12b", "isDeleted:":"true", "version":"1694580913352"}}
{"logTime": "0916/173801", "correlationVector":"Wxkg1itXFmmwn+WUBY88gA.14","action":"GetUpdates", "result":"DeleteReceived", "context":{"id":"e2eda481-74f9-4d1e-a4a6-33e52a8b849f", "isDeleted:":"true", "version":"1694581038351"}}
{"logTime": "0916/173801", "correlationVector":"Wxkg1itXFmmwn+WUBY88gA.15","action":"GetUpdates", "result":"DeleteReceived", "context":{"id":"c77fab96-22f7-4654-bb70-bda71caa38f6", "isDeleted:":"true", "version":"1694668520704"}}
{"logTime": "0916/173801", "correlationVector":"Wxkg1itXFmmwn+WUBY88gA.16","action":"GetUpdates", "result":"DeleteReceived", "context":{"id":"a94793fd-3257-4104-adbd-662c002a46e7", "isDeleted:":"true", "version":"1694668520705"}}
{"logTime": "0916/173801", "correlationVector":"Wxkg1itXFmmwn+WUBY88gA.17","action":"GetUpdates", "result":"DeleteReceived", "context":{"id":"a923be9f-0c0a-4c8e-a1bf-df344aa7cea8", "isDeleted:":"true", "version":"1694668520706"}}
{"logTime": "0916/173801", "correlationVector":"Wxkg1itXFmmwn+WUBY88gA.18","action":"GetUpdates", "result":"DeleteReceived", "context":{"id":"a5c515a4-e627-4bf1-8a11-125045668bb8", "isDeleted:":"true", "version":"1694668520707"}}
{"logTime": "0916/173801", "correlationVector":"Wxkg1itXFmmwn+WUBY88gA.19","action":"GetUpdates", "result":"DeleteReceived", "context":{"id":"230a994f-b687-4b20-aa00-947a2e2a533c", "isDeleted:":"true", "version":"1694668520709"}}
{"logTime": "0916/173801", "correlationVector":"Wxkg1itXFmmwn+WUBY88gA.20","action":"GetUpdates", "result":"DeleteReceived", "context":{"id":"1c96fce1-777a-494e-824f-1e3b9e5ac797", "isDeleted:":"true", "version":"1694668520711"}}
{"logTime": "0916/173801", "correlationVector":"Wxkg1itXFmmwn+WUBY88gA.21","action":"GetUpdates", "result":"DeleteReceived", "context":{"id":"6bd0f436-bbca-45c2-8352-71280ec1e68d", "isDeleted:":"true", "version":"1694668829918"}}
{"logTime": "0916/173801", "correlationVector":"Wxkg1itXFmmwn+WUBY88gA.22","action":"GetUpdates", "result":"DeleteReceived", "context":{"id":"5b0c4f96-02a6-41ae-8d6e-0c6926ccec15", "isDeleted:":"true", "version":"1694670029561"}}
{"logTime": "0916/173801", "correlationVector":"Wxkg1itXFmmwn+WUBY88gA.23","action":"GetUpdates", "result":"DeleteReceived", "context":{"id":"0e57d86f-78ff-4ed5-b1ca-b98e38fb43bf", "isDeleted:":"true", "version":"1694670717770"}}
{"logTime": "0916/173801", "correlationVector":"Wxkg1itXFmmwn+WUBY88gA.24","action":"GetUpdates", "result":"DeleteReceived", "context":{"id":"f26f0683-d306-4f3f-87ea-14189014075d", "isDeleted:":"true", "version":"1694673477743"}}
{"logTime": "0916/173801", "correlationVector":"Wxkg1itXFmmwn+WUBY88gA.25","action":"GetUpdates", "result":"DeleteReceived", "context":{"id":"299b91cb-7788-4878-8c10-ad41f14a5301", "isDeleted:":"true", "version":"1694675046637"}}
{"logTime": "0916/173801", "correlationVector":"Wxkg1itXFmmwn+WUBY88gA.26","action":"GetUpdates", "result":"DeleteReceived", "context":{"id":"5e7e3371-84f7-4c1b-98e9-6985adefb694", "isDeleted:":"true", "version":"1694675046638"}}
{"logTime": "0916/173801", "correlationVector":"Wxkg1itXFmmwn+WUBY88gA.27","action":"GetUpdates", "result":"DeleteReceived", "context":{"id":"d784658e-a5c2-4214-bc33-7ebb62481c00", "isDeleted:":"true", "version":"1694676037104"}}
{"logTime": "0916/173801", "correlationVector":"Wxkg1itXFmmwn+WUBY88gA.28","action":"GetUpdates", "result":"DeleteReceived", "context":{"id":"9ee3bfff-5940-430a-acbe-1e4f84e55b56", "isDeleted:":"true", "version":"1694676037106"}}
{"logTime": "0916/173801", "correlationVector":"Wxkg1itXFmmwn+WUBY88gA.29","action":"GetUpdates", "result":"DeleteReceived", "context":{"id":"16cc5d73-fcf8-44d3-9760-633282b609f1", "isDeleted:":"true", "version":"1694676635830"}}
{"logTime": "0916/173801", "correlationVector":"Wxkg1itXFmmwn+WUBY88gA.30","action":"GetUpdates", "result":"DeleteReceived", "context":{"id":"043aadf3-3fc8-4f64-bd22-61aa110758bc", "isDeleted:":"true", "version":"1694676987869"}}
{"logTime": "0916/173801", "correlationVector":"Wxkg1itXFmmwn+WUBY88gA.31","action":"GetUpdates", "result":"DeleteReceived", "context":{"id":"8f42ce02-bbf0-4003-8544-bc44ad851e25", "isDeleted:":"true", "version":"1694680881663"}}
{"logTime": "0916/173801", "correlationVector":"Wxkg1itXFmmwn+WUBY88gA.32","action":"GetUpdates", "result":"DeleteReceived", "context":{"id":"220a1a00-6e63-4979-bce8-73c765edd390", "isDeleted:":"true", "version":"1694685870613"}}
{"logTime": "0916/173801", "correlationVector":"Wxkg1itXFmmwn+WUBY88gA.33","action":"GetUpdates", "result":"DeleteReceived", "context":{"id":"053bdab4-7005-456b-aaeb-07dc3c5f886f", "isDeleted:":"true", "version":"1694703502918"}}
{"logTime": "0916/173801", "correlationVector":"Wxkg1itXFmmwn+WUBY88gA.34","action":"GetUpdates", "result":"DeleteReceived", "context":{"id":"bdbfdde4-46b6-4ef9-90f9-756f7c8228af", "isDeleted:":"true", "version":"1694704107479"}}
{"logTime": "0916/173801", "correlationVector":"Wxkg1itXFmmwn+WUBY88gA.35","action":"GetUpdates", "result":"DeleteReceived", "context":{"id":"093055d0-8bd3-4301-9911-55a4184a6607", "isDeleted:":"true", "version":"1694705285213"}}
{"logTime": "0916/173801", "correlationVector":"Wxkg1itXFmmwn+WUBY88gA.36","action":"GetUpdates", "result":"DeleteReceived", "context":{"id":"b8eaa998-85e7-42fa-8bc2-9cc73b48d178", "isDeleted:":"true", "version":"1694705285214"}}
{"logTime": "0916/173801", "correlationVector":"Wxkg1itXFmmwn+WUBY88gA.37","action":"GetUpdates", "result":"DeleteReceived", "context":{"id":"497bb5b7-aa4d-440f-9fba-165c86206c73", "isDeleted:":"true", "version":"1694706197128"}}
{"logTime": "0916/173801", "correlationVector":"Wxkg1itXFmmwn+WUBY88gA.38","action":"GetUpdates", "result":"DeleteReceived", "context":{"id":"768bf8cc-ee15-4ac9-be86-538d380027c3", "isDeleted:":"true", "version":"1694708665476"}}
{"logTime": "0916/173801", "correlationVector":"Wxkg1itXFmmwn+WUBY88gA.39","action":"GetUpdates", "result":"DeleteReceived", "context":{"id":"e9ac7332-ae77-4594-8d5c-b7efee08a659", "isDeleted:":"true", "version":"1694708711641"}}
{"logTime": "0916/173801", "correlationVector":"Wxkg1itXFmmwn+WUBY88gA.40","action":"GetUpdates", "result":"DeleteReceived", "context":{"id":"530286f6-1bff-47fa-ae29-21b992243c67", "isDeleted:":"true", "version":"1694708758707"}}
{"logTime": "0916/173801", "correlationVector":"Wxkg1itXFmmwn+WUBY88gA.41","action":"GetUpdates", "result":"DeleteReceived", "context":{"id":"37d7eb83-f934-42a9-84d1-12a2d81c2cd7", "isDeleted:":"true", "version":"1694710501699"}}
{"logTime": "0916/173801", "correlationVector":"Wxkg1itXFmmwn+WUBY88gA.42","action":"GetUpdates", "result":"DeleteReceived", "context":{"id":"d5bb646e-2a40-442e-b38a-f44dfef29f25", "isDeleted:":"true", "version":"1694711407323"}}
{"logTime": "0916/173801", "correlationVector":"Wxkg1itXFmmwn+WUBY88gA.43","action":"GetUpdates", "result":"DeleteReceived", "context":{"id":"c20a6731-30f0-45a0-9446-05d370f36c02", "isDeleted:":"true", "version":"1694711457587"}}
{"logTime": "0916/173801", "correlationVector":"Wxkg1itXFmmwn+WUBY88gA.44","action":"GetUpdates", "result":"DeleteReceived", "context":{"id":"9f27ac9d-bd2c-4a5c-a4ec-05b897247cd8", "isDeleted:":"true", "version":"1694711667772"}}
{"logTime": "0916/173801", "correlationVector":"Wxkg1itXFmmwn+WUBY88gA.45","action":"GetUpdates", "result":"DeleteReceived", "context":{"id":"39ab8a1e-a23a-43a8-9a12-b0bfa15daa11", "isDeleted:":"true", "version":"1694712528076"}}
{"logTime": "0916/173801", "correlationVector":"Wxkg1itXFmmwn+WUBY88gA.46","action":"GetUpdates", "result":"DeleteReceived", "context":{"id":"dd125678-49d8-494f-99b6-ccaa7ce22b57", "isDeleted:":"true", "version":"1694720564451"}}
{"logTime": "0916/173801", "correlationVector":"Wxkg1itXFmmwn+WUBY88gA.47","action":"GetUpdates", "result":"DeleteReceived", "context":{"id":"1a7b8a40-15df-4935-a4e3-2517a91d4015", "isDeleted:":"true", "version":"1694746768649"}}
{"logTime": "0916/173801", "correlationVector":"Wxkg1itXFmmwn+WUBY88gA.48","action":"GetUpdates", "result":"DeleteReceived", "context":{"id":"fc21a8e9-5fa3-4443-8a55-0b9d529e3057", "isDeleted:":"true", "version":"1694747848062"}}
{"logTime": "0916/173801", "correlationVector":"Wxkg1itXFmmwn+WUBY88gA.49","action":"GetUpdates", "result":"DeleteReceived", "context":{"id":"2f9b679f-b2c1-409b-81ed-88dad4529416", "isDeleted:":"true", "version":"1694748062197"}}
{"logTime": "0916/173801", "correlationVector":"Wxkg1itXFmmwn+WUBY88gA.50","action":"GetUpdates", "result":"DeleteReceived", "context":{"id":"ce90a00d-d2c5-4f14-9dca-c3f0a57c498a", "isDeleted:":"true", "version":"1694749399901"}}
{"logTime": "0916/173801", "correlationVector":"Wxkg1itXFmmwn+WUBY88gA.51","action":"GetUpdates", "result":"DeleteReceived", "context":{"id":"046c6cb2-215d-445f-a84a-3929b7a956ad", "isDeleted:":"true", "version":"1694749399902"}}
{"logTime": "0916/173801", "correlationVector":"Wxkg1itXFmmwn+WUBY88gA.52","action":"GetUpdates", "result":"DeleteReceived", "context":{"id":"dfe41cfd-6eb6-423d-8268-7415840130bd", "isDeleted:":"true", "version":"1694752424055"}}
{"logTime": "0916/173801", "correlationVector":"Wxkg1itXFmmwn+WUBY88gA.53","action":"GetUpdates", "result":"DeleteReceived", "context":{"id":"c8937fca-275b-467f-86af-0785bddfa207", "isDeleted:":"true", "version":"1694753232052"}}
{"logTime": "0916/173801", "correlationVector":"Wxkg1itXFmmwn+WUBY88gA.54","action":"GetUpdates", "result":"DeleteReceived", "context":{"id":"415791f7-aa1a-4cff-87c7-f4b71f107e16", "isDeleted:":"true", "version":"1694753232053"}}
{"logTime": "0916/173801", "correlationVector":"Wxkg1itXFmmwn+WUBY88gA.55","action":"GetUpdates", "result":"DeleteReceived", "context":{"id":"54fdc385-d65d-4f04-8201-a2bc5d929d8e", "isDeleted:":"true", "version":"1694793718749"}}
{"logTime": "0916/173801", "correlationVector":"Wxkg1itXFmmwn+WUBY88gA.56","action":"GetUpdates", "result":"DeleteReceived", "context":{"id":"51d6ea04-e8cd-4485-beb4-32a3d1ad55fa", "isDeleted:":"true", "version":"1694793718750"}}
{"logTime": "0916/173801", "correlationVector":"Wxkg1itXFmmwn+WUBY88gA.57","action":"GetUpdates", "result":"DeleteReceived", "context":{"id":"b381bf71-720a-4930-867a-7d05665df649", "isDeleted:":"true", "version":"1694793718751"}}
{"logTime": "0916/173801", "correlationVector":"Wxkg1itXFmmwn+WUBY88gA.58","action":"GetUpdates", "result":"DeleteReceived", "context":{"id":"487f0667-0774-4037-859e-068c0d2c0c9d", "isDeleted:":"true", "version":"1694793718752"}}
{"logTime": "0916/173801", "correlationVector":"Wxkg1itXFmmwn+WUBY88gA.59","action":"GetUpdates", "result":"DeleteReceived", "context":{"id":"ed3a5396-318d-4f3f-a9f4-e789a7ff8b8c", "isDeleted:":"true", "version":"1694793865701"}}
{"logTime": "0916/173801", "correlationVector":"Wxkg1itXFmmwn+WUBY88gA.60","action":"GetUpdates", "result":"DeleteReceived", "context":{"id":"55fb5aa0-7a0d-4b38-8cce-d157bd396e64", "isDeleted:":"true", "version":"1694794514204"}}
{"logTime": "0916/173801", "correlationVector":"Wxkg1itXFmmwn+WUBY88gA.61","action":"GetUpdates", "result":"DeleteReceived", "context":{"id":"5458bfae-e5c3-4b48-a11c-25a785f0aa89", "isDeleted:":"true", "version":"1694795487591"}}
{"logTime": "0916/173801", "correlationVector":"Wxkg1itXFmmwn+WUBY88gA.62","action":"GetUpdates", "result":"DeleteReceived", "context":{"id":"e862086c-5b6d-4395-b4e5-e64c1d030c75", "isDeleted:":"true", "version":"1694796164314"}}
{"logTime": "0916/173801", "correlationVector":"Wxkg1itXFmmwn+WUBY88gA.63","action":"GetUpdates", "result":"DeleteReceived", "context":{"id":"3533b4e0-7a41-4872-ab69-6e67e7b1232d", "isDeleted:":"true", "version":"1694797528549"}}
{"logTime": "0916/173801", "correlationVector":"Wxkg1itXFmmwn+WUBY88gA.64","action":"GetUpdates", "result":"DeleteReceived", "context":{"id":"560aaedf-d1f8-4204-bf5b-a3e597d1dbae", "isDeleted:":"true", "version":"1694884234301"}}
{"logTime": "0916/173801", "correlationVector":"Wxkg1itXFmmwn+WUBY88gA.65","action":"GetUpdates", "result":"DeleteReceived", "context":{"id":"d39bdf5c-7e29-4876-adb1-4716c2b11edf", "isDeleted:":"true", "version":"1694884234302"}}
{"logTime": "0916/173801", "correlationVector":"Wxkg1itXFmmwn+WUBY88gA.66","action":"GetUpdates", "result":"DeleteReceived", "context":{"id":"821800b5-50ef-4619-b155-b23c918b4a57", "isDeleted:":"true", "version":"1694884234303"}}
{"logTime": "0916/173801", "correlationVector":"Wxkg1itXFmmwn+WUBY88gA.67","action":"GetUpdates", "result":"DeleteReceived", "context":{"id":"67c34e0c-0733-45e8-bf82-a9bb9056f74e", "isDeleted:":"true", "version":"1694686132694"}}
{"logTime": "0916/173801", "correlationVector":"Wxkg1itXFmmwn+WUBY88gA.68","action":"GetUpdates", "result":"DeleteReceived", "context":{"id":"4b7e77ea-3ca1-433e-bed6-61c6a3519d2f", "isDeleted:":"true", "version":"1694686345902"}}
{"logTime": "0916/173801", "correlationVector":"Wxkg1itXFmmwn+WUBY88gA.69","action":"GetUpdates", "result":"DeleteReceived", "context":{"id":"509e933c-58af-4814-bb4a-60d658a12d03", "isDeleted:":"true", "version":"1694797935977"}}
{"logTime": "0916/173801", "correlationVector":"Wxkg1itXFmmwn+WUBY88gA.70","action":"GetUpdates", "result":"DeleteReceived", "context":{"id":"390cfa0e-ae98-4b12-8518-74e3fad94211", "isDeleted:":"true", "version":"1694882433045"}}
{"logTime": "0916/173801", "correlationVector":"Wxkg1itXFmmwn+WUBY88gA.71","action":"GetUpdates", "result":"DeleteReceived", "context":{"id":"66e4e8f5-4358-429b-9ce5-08cd7d28150f", "isDeleted:":"true", "version":"1694885596629"}}
{"logTime": "0916/173801", "correlationVector":"Wxkg1itXFmmwn+WUBY88gA.72","action":"GetUpdates Response", "result":"SYNCER_OK", "context":Received 230 update(s). cV=Wxkg1itXFmmwn+WUBY88gA.0;server=GENERAL0100000B;cloudType=Consumer;environment=Prod_SoutheastAsia_000j;migrationStage=NotStarted}
{"logTime": "0916/173801", "correlationVector":"V0C34DQgb5Hh/bKTTgKMUY","action":"SyncServerConnectionManagerRequest", "result":"SYNC_SERVER_OK", "context":{"environment":"", "migrationStage":"", "server":""}}
{"logTime": "0916/173801", "correlationVector":"pUkzJU1lQ/QT2Jv4MHtvn3","action":"Normal GetUpdate request", "result":"", "context":cV=pUkzJU1lQ/QT2Jv4MHtvn3
Nudged types: Sessions, Device Info, User Consents
Refresh requested types: Bookmarks, Preferences, Passwords, Autofill Profiles, Autofill, Autofill Custom Data, Typed URLs, Extensions, Sessions, Extension settings, History Delete Directives, Device Info, User Consents, Send Tab To Self, Web Apps, Collection, Edge E Drop, Edge Hub App Usage, Encryption Keys}
{"logTime": "0916/173801", "correlationVector":"pUkzJU1lQ/QT2Jv4MHtvn3.1","action":"SyncServerConnectionManagerRequest", "result":"SYNC_SERVER_OK", "context":{"environment":"Prod_SoutheastAsia_000j", "migrationStage":"NotStarted", "server":"GENERAL0100000T"}}
{"logTime": "0916/173801", "correlationVector":"pUkzJU1lQ/QT2Jv4MHtvn3.2","action":"GetUpdates Response", "result":"SYNCER_OK", "context":Received 3 update(s). cV=pUkzJU1lQ/QT2Jv4MHtvn3.0;server=GENERAL0100000T;cloudType=Consumer;environment=Prod_SoutheastAsia_000j;migrationStage=NotStarted}
{"logTime": "0916/173801", "correlationVector":"6m9FQ4hDbXOjNYgeDGClV3","action":"Commit Request", "result":"", "context":Item count: 3
Contributing types: Sessions, User Consents}
{"logTime": "0916/173801", "correlationVector":"6m9FQ4hDbXOjNYgeDGClV3.1","action":"SyncServerConnectionManagerRequest", "result":"SYNC_SERVER_OK", "context":{"environment":"Prod_SoutheastAsia_000j", "migrationStage":"NotStarted", "server":"GENERAL0100000J"}}
{"logTime": "0916/173801", "correlationVector":"6m9FQ4hDbXOjNYgeDGClV3.2","action":"Commit Response", "result":"SYNCER_OK", "context":Result: SYNCER_OK. cV=6m9FQ4hDbXOjNYgeDGClV3.0;server=GENERAL0100000J;cloudType=Consumer;environment=Prod_SoutheastAsia_000j;migrationStage=NotStarted}
{"logTime": "0916/173801", "correlationVector":"DOKhFULBSA89n8dbkIFNpT","action":"Normal GetUpdate request", "result":"", "context":cV=DOKhFULBSA89n8dbkIFNpT
Nudged types: Sessions
Refresh requested types: Bookmarks, Preferences, Passwords, Autofill Profiles, Autofill, Autofill Custom Data, Typed URLs, Extensions, Sessions, Extension settings, History Delete Directives, Device Info, User Consents, Send Tab To Self, Web Apps, Collection, Edge E Drop, Edge Hub App Usage, Encryption Keys}
{"logTime": "0916/173801", "correlationVector":"DOKhFULBSA89n8dbkIFNpT.1","action":"SyncServerConnectionManagerRequest", "result":"SYNC_SERVER_OK", "context":{"environment":"Prod_SoutheastAsia_000j", "migrationStage":"NotStarted", "server":"GENERAL01000019"}}
{"logTime": "0916/173801", "correlationVector":"DOKhFULBSA89n8dbkIFNpT.2","action":"GetUpdates Response", "result":"SYNCER_OK", "context":Received 2 update(s). cV=DOKhFULBSA89n8dbkIFNpT.0;server=GENERAL01000019;cloudType=Consumer;environment=Prod_SoutheastAsia_000j;migrationStage=NotStarted}
{"logTime": "0916/173801", "correlationVector":"iSU1qTB6FZ0i61SMZug4IO","action":"Normal GetUpdate request", "result":"", "context":cV=iSU1qTB6FZ0i61SMZug4IO
Nudged types: Sessions
Notified types: Extension settings}
{"logTime": "0916/173802", "correlationVector":"iSU1qTB6FZ0i61SMZug4IO.1","action":"SyncServerConnectionManagerRequest", "result":"SYNC_SERVER_OK", "context":{"environment":"Prod_SoutheastAsia_000j", "migrationStage":"NotStarted", "server":"GENERAL01000008"}}
{"logTime": "0916/173802", "correlationVector":"iSU1qTB6FZ0i61SMZug4IO.2","action":"GetUpdates Response", "result":"SYNCER_OK", "context":Received 0 update(s). cV=iSU1qTB6FZ0i61SMZug4IO.0;server=GENERAL01000008;cloudType=Consumer;environment=Prod_SoutheastAsia_000j;migrationStage=NotStarted}
{"logTime": "0916/173802", "correlationVector":"rE4ujgMoQuhVfHBfNsstJ6","action":"Commit Request", "result":"", "context":Item count: 1
Contributing types: Sessions}
{"logTime": "0916/173802", "correlationVector":"rE4ujgMoQuhVfHBfNsstJ6.1","action":"SyncServerConnectionManagerRequest", "result":"SYNC_SERVER_OK", "context":{"environment":"Prod_SoutheastAsia_000j", "migrationStage":"NotStarted", "server":"GENERAL0100001A"}}
{"logTime": "0916/173802", "correlationVector":"rE4ujgMoQuhVfHBfNsstJ6.2","action":"Commit Response", "result":"SYNCER_OK", "context":Result: SYNCER_OK. cV=rE4ujgMoQuhVfHBfNsstJ6.0;server=GENERAL0100001A;cloudType=Consumer;environment=Prod_SoutheastAsia_000j;migrationStage=NotStarted}
{"logTime": "0916/173833", "correlationVector":"Jswgv48/5JQnhPM/c5Kxvx","action":"Commit Request", "result":"", "context":Item count: 1
Contributing types: Sessions}
{"logTime": "0916/173833", "correlationVector":"Jswgv48/5JQnhPM/c5Kxvx.1","action":"SyncServerConnectionManagerRequest", "result":"SYNC_SERVER_OK", "context":{"environment":"Prod_SoutheastAsia_000j", "migrationStage":"NotStarted", "server":"GENERAL01000012"}}
{"logTime": "0916/173833", "correlationVector":"Jswgv48/5JQnhPM/c5Kxvx.2","action":"Commit Response", "result":"SYNCER_OK", "context":Result: SYNCER_OK. cV=Jswgv48/5JQnhPM/c5Kxvx.0;server=GENERAL01000012;cloudType=Consumer;environment=Prod_SoutheastAsia_000j;migrationStage=NotStarted}
{"logTime": "0916/173904", "correlationVector":"AxFkDlGUPuvhHB/CZ6n8mn","action":"Commit Request", "result":"", "context":Item count: 1
Contributing types: Sessions}
{"logTime": "0916/173904", "correlationVector":"AxFkDlGUPuvhHB/CZ6n8mn.1","action":"SyncServerConnectionManagerRequest", "result":"SYNC_SERVER_OK", "context":{"environment":"Prod_SoutheastAsia_000j", "migrationStage":"NotStarted", "server":"GENERAL01000001"}}
{"logTime": "0916/173904", "correlationVector":"AxFkDlGUPuvhHB/CZ6n8mn.2","action":"Commit Response", "result":"SYNCER_OK", "context":Result: SYNCER_OK. cV=AxFkDlGUPuvhHB/CZ6n8mn.0;server=GENERAL01000001;cloudType=Consumer;environment=Prod_SoutheastAsia_000j;migrationStage=NotStarted}
{"logTime": "0916/173936", "correlationVector":"NUmszAdmCFC2qAYQ4LRcRB","action":"Commit Request", "result":"", "context":Item count: 1
Contributing types: Sessions}
{"logTime": "0916/173937", "correlationVector":"NUmszAdmCFC2qAYQ4LRcRB.1","action":"SyncServerConnectionManagerRequest", "result":"SYNC_SERVER_OK", "context":{"environment":"Prod_SoutheastAsia_000j", "migrationStage":"NotStarted", "server":"GENERAL01000001"}}
{"logTime": "0916/173937", "correlationVector":"NUmszAdmCFC2qAYQ4LRcRB.2","action":"Commit Response", "result":"SYNCER_OK", "context":Result: SYNCER_OK. cV=NUmszAdmCFC2qAYQ4LRcRB.0;server=GENERAL01000001;cloudType=Consumer;environment=Prod_SoutheastAsia_000j;migrationStage=NotStarted}
{"logTime": "0916/174020", "correlationVector":"tNUe+WxQJL4sVDYnV6+rX0","action":"Commit Request", "result":"", "context":Item count: 1
Contributing types: Sessions}
{"logTime": "0916/174020", "correlationVector":"tNUe+WxQJL4sVDYnV6+rX0.1","action":"SyncServerConnectionManagerRequest", "result":"SYNC_SERVER_OK", "context":{"environment":"Prod_SoutheastAsia_000j", "migrationStage":"NotStarted", "server":"GENERAL0100000M"}}
{"logTime": "0916/174022", "correlationVector":"tNUe+WxQJL4sVDYnV6+rX0.2","action":"Commit Response", "result":"SYNCER_OK", "context":Result: SYNCER_OK. cV=tNUe+WxQJL4sVDYnV6+rX0.0;server=GENERAL0100000M;cloudType=Consumer;environment=Prod_SoutheastAsia_000j;migrationStage=NotStarted}
{"logTime": "0916/174052", "correlationVector":"W5GXvU7FcrNnriHmy5SEDG","action":"Commit Request", "result":"", "context":Item count: 1
Contributing types: Sessions}
{"logTime": "0916/174052", "correlationVector":"W5GXvU7FcrNnriHmy5SEDG.1","action":"SyncServerConnectionManagerRequest", "result":"SYNC_SERVER_OK", "context":{"environment":"Prod_SoutheastAsia_000j", "migrationStage":"NotStarted", "server":"GENERAL0100001B"}}
{"logTime": "0916/174052", "correlationVector":"W5GXvU7FcrNnriHmy5SEDG.2","action":"Commit Response", "result":"SYNCER_OK", "context":Result: SYNCER_OK. cV=W5GXvU7FcrNnriHmy5SEDG.0;server=GENERAL0100001B;cloudType=Consumer;environment=Prod_SoutheastAsia_000j;migrationStage=NotStarted}
{"logTime": "0916/174128", "correlationVector":"KBJAr4tXanSJIjB05qsCFm","action":"Normal GetUpdate request", "result":"", "context":cV=KBJAr4tXanSJIjB05qsCFm
Notified types: Preferences}
{"logTime": "0916/174129", "correlationVector":"KBJAr4tXanSJIjB05qsCFm.1","action":"SyncServerConnectionManagerRequest", "result":"SYNC_SERVER_OK", "context":{"environment":"Prod_SoutheastAsia_000j", "migrationStage":"NotStarted", "server":"GENERAL01000016"}}
{"logTime": "0916/174129", "correlationVector":"KBJAr4tXanSJIjB05qsCFm.2","action":"GetUpdates Response", "result":"SYNCER_OK", "context":Received 2 update(s). cV=KBJAr4tXanSJIjB05qsCFm.0;server=GENERAL01000016;cloudType=Consumer;environment=Prod_SoutheastAsia_000j;migrationStage=NotStarted}
{"logTime": "0916/174348", "correlationVector":"LQdzWEYLj6MY7IXI5MA8gZ","action":"Normal GetUpdate request", "result":"", "context":cV=LQdzWEYLj6MY7IXI5MA8gZ
Notified types: Extension settings}
{"logTime": "0916/174349", "correlationVector":"LQdzWEYLj6MY7IXI5MA8gZ.1","action":"SyncServerConnectionManagerRequest", "result":"SYNC_SERVER_OK", "context":{"environment":"Prod_SoutheastAsia_000j", "migrationStage":"NotStarted", "server":"GENERAL01000015"}}
{"logTime": "0916/174349", "correlationVector":"LQdzWEYLj6MY7IXI5MA8gZ.2","action":"GetUpdates", "result":"DeleteReceived", "context":{"id":"2bfad4e5-c9b4-4a69-81cd-8faf3a08b114", "isDeleted:":"true", "version":"1694886227468"}}
{"logTime": "0916/174349", "correlationVector":"LQdzWEYLj6MY7IXI5MA8gZ.3","action":"GetUpdates Response", "result":"SYNCER_OK", "context":Received 2 update(s). cV=LQdzWEYLj6MY7IXI5MA8gZ.0;server=GENERAL01000015;cloudType=Consumer;environment=Prod_SoutheastAsia_000j;migrationStage=NotStarted}
{"logTime": "0916/174359", "correlationVector":"MUUXEKk2Oo7BuSbjGV+HhG","action":"Normal GetUpdate request", "result":"", "context":cV=MUUXEKk2Oo7BuSbjGV+HhG
Notified types: Extension settings}
{"logTime": "0916/174359", "correlationVector":"MUUXEKk2Oo7BuSbjGV+HhG.1","action":"SyncServerConnectionManagerRequest", "result":"SYNC_SERVER_OK", "context":{"environment":"Prod_SoutheastAsia_000j", "migrationStage":"NotStarted", "server":"GENERAL0100000X"}}
{"logTime": "0916/174359", "correlationVector":"MUUXEKk2Oo7BuSbjGV+HhG.2","action":"GetUpdates Response", "result":"SYNCER_OK", "context":Received 1 update(s). cV=MUUXEKk2Oo7BuSbjGV+HhG.0;server=GENERAL0100000X;cloudType=Consumer;environment=Prod_SoutheastAsia_000j;migrationStage=NotStarted}
{"logTime": "0916/174418", "correlationVector":"gaGMfHQb5cm8q6MTFkext6","action":"Normal GetUpdate request", "result":"", "context":cV=gaGMfHQb5cm8q6MTFkext6
Notified types: Extension settings}
{"logTime": "0916/174418", "correlationVector":"gaGMfHQb5cm8q6MTFkext6.1","action":"SyncServerConnectionManagerRequest", "result":"SYNC_SERVER_OK", "context":{"environment":"Prod_SoutheastAsia_000j", "migrationStage":"NotStarted", "server":"GENERAL01000005"}}
{"logTime": "0916/174418", "correlationVector":"gaGMfHQb5cm8q6MTFkext6.2","action":"GetUpdates", "result":"DeleteReceived", "context":{"id":"116b1e73-094f-4bbf-adcc-79c7232e2d54", "isDeleted:":"true", "version":"1694886257440"}}
{"logTime": "0916/174418", "correlationVector":"gaGMfHQb5cm8q6MTFkext6.3","action":"GetUpdates Response", "result":"SYNCER_OK", "context":Received 2 update(s). cV=gaGMfHQb5cm8q6MTFkext6.0;server=GENERAL01000005;cloudType=Consumer;environment=Prod_SoutheastAsia_000j;migrationStage=NotStarted}
{"logTime": "0916/174423", "correlationVector":"lCp/iD4lzRG3Js4v+2Qavk","action":"Normal GetUpdate request", "result":"", "context":cV=lCp/iD4lzRG3Js4v+2Qavk
Notified types: Extension settings}
{"logTime": "0916/174423", "correlationVector":"lCp/iD4lzRG3Js4v+2Qavk.1","action":"SyncServerConnectionManagerRequest", "result":"SYNC_SERVER_OK", "context":{"environment":"Prod_SoutheastAsia_000j", "migrationStage":"NotStarted", "server":"GENERAL0100000P"}}
{"logTime": "0916/174423", "correlationVector":"lCp/iD4lzRG3Js4v+2Qavk.2","action":"GetUpdates", "result":"DeleteReceived", "context":{"id":"c8ec3e89-25a9-49bc-8a45-05f6e485dc02", "isDeleted:":"true", "version":"1694886259683"}}
{"logTime": "0916/174423", "correlationVector":"lCp/iD4lzRG3Js4v+2Qavk.3","action":"GetUpdates Response", "result":"SYNCER_OK", "context":Received 1 update(s). cV=lCp/iD4lzRG3Js4v+2Qavk.0;server=GENERAL0100000P;cloudType=Consumer;environment=Prod_SoutheastAsia_000j;migrationStage=NotStarted}
{"logTime": "0916/174428", "correlationVector":"nYJNwC+IWuIMrLrKyMbFtv","action":"Normal GetUpdate request", "result":"", "context":cV=nYJNwC+IWuIMrLrKyMbFtv
Notified types: Extension settings}
{"logTime": "0916/174428", "correlationVector":"nYJNwC+IWuIMrLrKyMbFtv.1","action":"SyncServerConnectionManagerRequest", "result":"SYNC_SERVER_OK", "context":{"environment":"Prod_SoutheastAsia_000j", "migrationStage":"NotStarted", "server":"GENERAL01000008"}}
{"logTime": "0916/174428", "correlationVector":"nYJNwC+IWuIMrLrKyMbFtv.2","action":"GetUpdates Response", "result":"SYNCER_OK", "context":Received 0 update(s). cV=nYJNwC+IWuIMrLrKyMbFtv.0;server=GENERAL01000008;cloudType=Consumer;environment=Prod_SoutheastAsia_000j;migrationStage=NotStarted}
{"logTime": "0916/174537", "correlationVector":"YO/F9h95qhJjBwVSl5dwin","action":"Normal GetUpdate request", "result":"", "context":cV=YO/F9h95qhJjBwVSl5dwin
Notified types: Extension settings}
{"logTime": "0916/174537", "correlationVector":"YO/F9h95qhJjBwVSl5dwin.1","action":"SyncServerConnectionManagerRequest", "result":"SYNC_SERVER_OK", "context":{"environment":"Prod_SoutheastAsia_000j", "migrationStage":"NotStarted", "server":"GENERAL0100001E"}}
{"logTime": "0916/174537", "correlationVector":"YO/F9h95qhJjBwVSl5dwin.2","action":"GetUpdates Response", "result":"SYNCER_OK", "context":Received 1 update(s). cV=YO/F9h95qhJjBwVSl5dwin.0;server=GENERAL0100001E;cloudType=Consumer;environment=Prod_SoutheastAsia_000j;migrationStage=NotStarted}
{"logTime": "0916/174551", "correlationVector":"Qw9mXoGExJ1pH/kWFqg952","action":"Normal GetUpdate request", "result":"", "context":cV=Qw9mXoGExJ1pH/kWFqg952
Notified types: Extension settings}
{"logTime": "0916/174551", "correlationVector":"Qw9mXoGExJ1pH/kWFqg952.1","action":"SyncServerConnectionManagerRequest", "result":"SYNC_SERVER_OK", "context":{"environment":"Prod_SoutheastAsia_000j", "migrationStage":"NotStarted", "server":"GENERAL0100001B"}}
{"logTime": "0916/174551", "correlationVector":"Qw9mXoGExJ1pH/kWFqg952.2","action":"GetUpdates Response", "result":"SYNCER_OK", "context":Received 2 update(s). cV=Qw9mXoGExJ1pH/kWFqg952.0;server=GENERAL0100001B;cloudType=Consumer;environment=Prod_SoutheastAsia_000j;migrationStage=NotStarted}
{"logTime": "0916/174556", "correlationVector":"TI6J1nyCC0tNcoGOvr88mc","action":"Normal GetUpdate request", "result":"", "context":cV=TI6J1nyCC0tNcoGOvr88mc
Notified types: Extension settings}
{"logTime": "0916/174556", "correlationVector":"TI6J1nyCC0tNcoGOvr88mc.1","action":"SyncServerConnectionManagerRequest", "result":"SYNC_SERVER_OK", "context":{"environment":"Prod_SoutheastAsia_000j", "migrationStage":"NotStarted", "server":"GENERAL01000002"}}
{"logTime": "0916/174556", "correlationVector":"TI6J1nyCC0tNcoGOvr88mc.2","action":"GetUpdates", "result":"DeleteReceived", "context":{"id":"0efcb9d7-4b5d-4bf1-86bc-c314e54442e4", "isDeleted:":"true", "version":"1694886353102"}}
{"logTime": "0916/174556", "correlationVector":"TI6J1nyCC0tNcoGOvr88mc.3","action":"GetUpdates Response", "result":"SYNCER_OK", "context":Received 2 update(s). cV=TI6J1nyCC0tNcoGOvr88mc.0;server=GENERAL01000002;cloudType=Consumer;environment=Prod_SoutheastAsia_000j;migrationStage=NotStarted}
{"logTime": "0916/174601", "correlationVector":"zHGcdBZi11k3/AoaaFZi16","action":"Normal GetUpdate request", "result":"", "context":cV=zHGcdBZi11k3/AoaaFZi16
Notified types: Extension settings}
{"logTime": "0916/174601", "correlationVector":"zHGcdBZi11k3/AoaaFZi16.1","action":"SyncServerConnectionManagerRequest", "result":"SYNC_SERVER_OK", "context":{"environment":"Prod_SoutheastAsia_000j", "migrationStage":"NotStarted", "server":"general01000011"}}
{"logTime": "0916/174601", "correlationVector":"zHGcdBZi11k3/AoaaFZi16.2","action":"GetUpdates Response", "result":"SYNCER_OK", "context":Received 0 update(s). cV=zHGcdBZi11k3/AoaaFZi16.0;server=general01000011;cloudType=Consumer;environment=Prod_SoutheastAsia_000j;migrationStage=NotStarted}
{"logTime": "0916/174724", "correlationVector":"XHRWUPvcQkfSf5fWkaYdQg","action":"Commit Request", "result":"", "context":Item count: 1
Contributing types: Sessions}
{"logTime": "0916/174724", "correlationVector":"XHRWUPvcQkfSf5fWkaYdQg.1","action":"SyncServerConnectionManagerRequest", "result":"SYNC_SERVER_OK", "context":{"environment":"Prod_SoutheastAsia_000j", "migrationStage":"NotStarted", "server":"GENERAL0100000E"}}
{"logTime": "0916/174724", "correlationVector":"XHRWUPvcQkfSf5fWkaYdQg.2","action":"Commit Response", "result":"SYNCER_OK", "context":Result: SYNCER_OK. cV=XHRWUPvcQkfSf5fWkaYdQg.0;server=GENERAL0100000E;cloudType=Consumer;environment=Prod_SoutheastAsia_000j;migrationStage=NotStarted}
